# JRE version: Java(TM) SE Runtime Environment (8.0_181-b13) (build 1.8.0_181-b13)
# Java VM: Java HotSpot(TM) 64-Bit Server VM (25.181-b13 mixed mode windows-amd64 compressed oops)
Heap:
 PSYoungGen      total 140800K, used 40896K [0x000000076b580000, 0x000000077b700000, 0x00000007c0000000)
  eden space 130048K, 23% used [0x000000076b580000,0x000000076d35e698,0x0000000773480000)
  from space 10752K, 95% used [0x0000000773480000,0x0000000773e91ad0,0x0000000773f00000)
  to   space 11776K, 0% used [0x000000077ab80000,0x000000077ab80000,0x000000077b700000)
 ParOldGen       total 79360K, used 5496K [0x00000006c2000000, 0x00000006c6d80000, 0x000000076b580000)
  object space 79360K, 6% used [0x00000006c2000000,0x00000006c255e0f8,0x00000006c6d80000)
 Metaspace       used 28164K, capacity 30242K, committed 30460K, reserved 1075200K
  class space    used 3622K, capacity 3993K, committed 4096K, reserved 1048576K
GC Heap History (10 events):
Event: 1.490 GC heap before
{Heap before GC invocations=2 (full 0):
 PSYoungGen      total 75776K, used 72321K [0x000000076b580000, 0x0000000770a00000, 0x00000007c0000000)
  eden space 65024K, 100% used [0x000000076b580000,0x000000076f500000,0x000000076f500000)
  from space 10752K, 67% used [0x000000076f500000,0x000000076fc205e0,0x000000076ff80000)
  to   space 10752K, 0% used [0x000000076ff80000,0x000000076ff80000,0x0000000770a00000)
 ParOldGen       total 173568K, used 24K [0x00000006c2000000, 0x00000006cc980000, 0x000000076b580000)
  object space 173568K, 0% used [0x00000006c2000000,0x00000006c2006000,0x00000006cc980000)
 Metaspace       used 18392K, capacity 19982K, committed 20224K, reserved 1067008K
  class space    used 2423K, capacity 2733K, committed 2816K, reserved 1048576K
Event: 1.496 GC heap after
Heap after GC invocations=2 (full 0):
 PSYoungGen      total 75776K, used 9395K [0x000000076b580000, 0x0000000770a00000, 0x00000007c0000000)
  eden space 65024K, 0% used [0x000000076b580000,0x000000076b580000,0x000000076f500000)
  from space 10752K, 87% used [0x000000076ff80000,0x00000007708acf18,0x0000000770a00000)
  to   space 10752K, 0% used [0x000000076f500000,0x000000076f500000,0x000000076ff80000)
 ParOldGen       total 173568K, used 32K [0x00000006c2000000, 0x00000006cc980000, 0x000000076b580000)
  object space 173568K, 0% used [0x00000006c2000000,0x00000006c2008000,0x00000006cc980000)
 Metaspace       used 18392K, capacity 19982K, committed 20224K, reserved 1067008K
  class space    used 2423K, capacity 2733K, committed 2816K, reserved 1048576K
}
Event: 1.528 GC heap before
{Heap before GC invocations=3 (full 0):
 PSYoungGen      total 75776K, used 21698K [0x000000076b580000, 0x0000000770a00000, 0x00000007c0000000)
  eden space 65024K, 18% used [0x000000076b580000,0x000000076c183ae0,0x000000076f500000)
  from space 10752K, 87% used [0x000000076ff80000,0x00000007708acf18,0x0000000770a00000)
  to   space 10752K, 0% used [0x000000076f500000,0x000000076f500000,0x000000076ff80000)
 ParOldGen       total 173568K, used 32K [0x00000006c2000000, 0x00000006cc980000, 0x000000076b580000)
  object space 173568K, 0% used [0x00000006c2000000,0x00000006c2008000,0x00000006cc980000)
 Metaspace       used 19580K, capacity 21232K, committed 21376K, reserved 1067008K
  class space    used 2545K, capacity 2868K, committed 2944K, reserved 1048576K
Event: 1.531 GC heap after
Heap after GC invocations=3 (full 0):
 PSYoungGen      total 75776K, used 6591K [0x000000076b580000, 0x0000000774980000, 0x00000007c0000000)
  eden space 65024K, 0% used [0x000000076b580000,0x000000076b580000,0x000000076f500000)
  from space 10752K, 61% used [0x000000076f500000,0x000000076fb6fd60,0x000000076ff80000)
  to   space 10752K, 0% used [0x0000000773f00000,0x0000000773f00000,0x0000000774980000)
 ParOldGen       total 173568K, used 40K [0x00000006c2000000, 0x00000006cc980000, 0x000000076b580000)
  object space 173568K, 0% used [0x00000006c2000000,0x00000006c200a000,0x00000006cc980000)
 Metaspace       used 19580K, capacity 21232K, committed 21376K, reserved 1067008K
  class space    used 2545K, capacity 2868K, committed 2944K, reserved 1048576K
}
Event: 1.544 GC heap before
{Heap before GC invocations=4 (full 0):
 PSYoungGen      total 75776K, used 11141K [0x000000076b580000, 0x0000000774980000, 0x00000007c0000000)
  eden space 65024K, 6% used [0x000000076b580000,0x000000076b9f1818,0x000000076f500000)
  from space 10752K, 61% used [0x000000076f500000,0x000000076fb6fd60,0x000000076ff80000)
  to   space 10752K, 0% used [0x0000000773f00000,0x0000000773f00000,0x0000000774980000)
 ParOldGen       total 173568K, used 40K [0x00000006c2000000, 0x00000006cc980000, 0x000000076b580000)
  object space 173568K, 0% used [0x00000006c2000000,0x00000006c200a000,0x00000006cc980000)
 Metaspace       used 19932K, capacity 21556K, committed 21628K, reserved 1069056K
  class space    used 2586K, capacity 2910K, committed 2944K, reserved 1048576K
Event: 1.547 GC heap after
Heap after GC invocations=4 (full 0):
 PSYoungGen      total 140800K, used 5709K [0x000000076b580000, 0x0000000774980000, 0x00000007c0000000)
  eden space 130048K, 0% used [0x000000076b580000,0x000000076b580000,0x0000000773480000)
  from space 10752K, 53% used [0x0000000773f00000,0x0000000774493780,0x0000000774980000)
  to   space 10752K, 0% used [0x0000000773480000,0x0000000773480000,0x0000000773f00000)
 ParOldGen       total 173568K, used 48K [0x00000006c2000000, 0x00000006cc980000, 0x000000076b580000)
  object space 173568K, 0% used [0x00000006c2000000,0x00000006c200c000,0x00000006cc980000)
 Metaspace       used 19932K, capacity 21556K, committed 21628K, reserved 1069056K
  class space    used 2586K, capacity 2910K, committed 2944K, reserved 1048576K
}
Event: 1.547 GC heap before
{Heap before GC invocations=5 (full 1):
 PSYoungGen      total 140800K, used 5709K [0x000000076b580000, 0x0000000774980000, 0x00000007c0000000)
  eden space 130048K, 0% used [0x000000076b580000,0x000000076b580000,0x0000000773480000)
  from space 10752K, 53% used [0x0000000773f00000,0x0000000774493780,0x0000000774980000)
  to   space 10752K, 0% used [0x0000000773480000,0x0000000773480000,0x0000000773f00000)
 ParOldGen       total 173568K, used 48K [0x00000006c2000000, 0x00000006cc980000, 0x000000076b580000)
  object space 173568K, 0% used [0x00000006c2000000,0x00000006c200c000,0x00000006cc980000)
 Metaspace       used 19932K, capacity 21556K, committed 21628K, reserved 1069056K
  class space    used 2586K, capacity 2910K, committed 2944K, reserved 1048576K
Event: 1.565 GC heap after
Heap after GC invocations=5 (full 1):
 PSYoungGen      total 140800K, used 0K [0x000000076b580000, 0x0000000774980000, 0x00000007c0000000)
  eden space 130048K, 0% used [0x000000076b580000,0x000000076b580000,0x0000000773480000)
  from space 10752K, 0% used [0x0000000773f00000,0x0000000773f00000,0x0000000774980000)
  to   space 10752K, 0% used [0x0000000773480000,0x0000000773480000,0x0000000773f00000)
 ParOldGen       total 79360K, used 5488K [0x00000006c2000000, 0x00000006c6d80000, 0x000000076b580000)
  object space 79360K, 6% used [0x00000006c2000000,0x00000006c255c0f8,0x00000006c6d80000)
 Metaspace       used 19932K, capacity 21556K, committed 21628K, reserved 1069056K
  class space    used 2586K, capacity 2910K, committed 2944K, reserved 1048576K
}
Event: 2.218 GC heap before
{Heap before GC invocations=6 (full 1):
 PSYoungGen      total 140800K, used 130048K [0x000000076b580000, 0x0000000774980000, 0x00000007c0000000)
  eden space 130048K, 100% used [0x000000076b580000,0x0000000773480000,0x0000000773480000)
  from space 10752K, 0% used [0x0000000773f00000,0x0000000773f00000,0x0000000774980000)
  to   space 10752K, 0% used [0x0000000773480000,0x0000000773480000,0x0000000773f00000)
 ParOldGen       total 79360K, used 5488K [0x00000006c2000000, 0x00000006c6d80000, 0x000000076b580000)
  object space 79360K, 6% used [0x00000006c2000000,0x00000006c255c0f8,0x00000006c6d80000)
 Metaspace       used 26711K, capacity 28674K, committed 28924K, reserved 1075200K
  class space    used 3449K, capacity 3811K, committed 3840K, reserved 1048576K
Event: 2.224 GC heap after
Heap after GC invocations=6 (full 1):
 PSYoungGen      total 140800K, used 10310K [0x000000076b580000, 0x000000077b700000, 0x00000007c0000000)
  eden space 130048K, 0% used [0x000000076b580000,0x000000076b580000,0x0000000773480000)
  from space 10752K, 95% used [0x0000000773480000,0x0000000773e91ad0,0x0000000773f00000)
  to   space 11776K, 0% used [0x000000077ab80000,0x000000077ab80000,0x000000077b700000)
 ParOldGen       total 79360K, used 5496K [0x00000006c2000000, 0x00000006c6d80000, 0x000000076b580000)
  object space 79360K, 6% used [0x00000006c2000000,0x00000006c255e0f8,0x00000006c6d80000)
 Metaspace       used 26711K, capacity 28674K, committed 28924K, reserved 1075200K
  class space    used 3449K, capacity 3811K, committed 3840K, reserved 1048576K
}

