# JRE version: Java(TM) SE Runtime Environment (8.0_181-b13) (build 1.8.0_181-b13)
# Java VM: Java HotSpot(TM) 64-Bit Server VM (25.181-b13 mixed mode windows-amd64 compressed oops)
Heap:
 PSYoungGen      total 203776K, used 73615K [0x000000076b580000, 0x0000000779880000, 0x00000007c0000000)
  eden space 192512K, 38% used [0x000000076b580000,0x000000076fd63e68,0x0000000777180000)
  from space 11264K, 0% used [0x0000000777c80000,0x0000000777c80000,0x0000000778780000)
  to   space 11264K, 0% used [0x0000000777180000,0x0000000777180000,0x0000000777c80000)
 ParOldGen       total 125440K, used 14089K [0x00000006c2000000, 0x00000006c9a80000, 0x000000076b580000)
  object space 125440K, 11% used [0x00000006c2000000,0x00000006c2dc2660,0x00000006c9a80000)
 Metaspace       used 37529K, capacity 40076K, committed 40320K, reserved 1083392K
  class space    used 5021K, capacity 5498K, committed 5504K, reserved 1048576K
GC Heap History (10 events):
Event: 1.529 GC heap before
{Heap before GC invocations=4 (full 1):
 PSYoungGen      total 75776K, used 6422K [0x000000076b580000, 0x0000000774980000, 0x00000007c0000000)
  eden space 65024K, 0% used [0x000000076b580000,0x000000076b580000,0x000000076f500000)
  from space 10752K, 59% used [0x000000076f500000,0x000000076fb45948,0x000000076ff80000)
  to   space 10752K, 0% used [0x0000000773f00000,0x0000000773f00000,0x0000000774980000)
 ParOldGen       total 173568K, used 40K [0x00000006c2000000, 0x00000006cc980000, 0x000000076b580000)
  object space 173568K, 0% used [0x00000006c2000000,0x00000006c200a000,0x00000006cc980000)
 Metaspace       used 19564K, capacity 21196K, committed 21296K, reserved 1067008K
  class space    used 2546K, capacity 2876K, committed 2944K, reserved 1048576K
Event: 1.548 GC heap after
Heap after GC invocations=4 (full 1):
 PSYoungGen      total 75776K, used 0K [0x000000076b580000, 0x0000000774980000, 0x00000007c0000000)
  eden space 65024K, 0% used [0x000000076b580000,0x000000076b580000,0x000000076f500000)
  from space 10752K, 0% used [0x000000076f500000,0x000000076f500000,0x000000076ff80000)
  to   space 10752K, 0% used [0x0000000773f00000,0x0000000773f00000,0x0000000774980000)
 ParOldGen       total 86528K, used 6121K [0x00000006c2000000, 0x00000006c7480000, 0x000000076b580000)
  object space 86528K, 7% used [0x00000006c2000000,0x00000006c25fa608,0x00000006c7480000)
 Metaspace       used 19564K, capacity 21196K, committed 21296K, reserved 1067008K
  class space    used 2546K, capacity 2876K, committed 2944K, reserved 1048576K
}
Event: 1.793 GC heap before
{Heap before GC invocations=5 (full 1):
 PSYoungGen      total 75776K, used 65024K [0x000000076b580000, 0x0000000774980000, 0x00000007c0000000)
  eden space 65024K, 100% used [0x000000076b580000,0x000000076f500000,0x000000076f500000)
  from space 10752K, 0% used [0x000000076f500000,0x000000076f500000,0x000000076ff80000)
  to   space 10752K, 0% used [0x0000000773f00000,0x0000000773f00000,0x0000000774980000)
 ParOldGen       total 86528K, used 6121K [0x00000006c2000000, 0x00000006c7480000, 0x000000076b580000)
  object space 86528K, 7% used [0x00000006c2000000,0x00000006c25fa608,0x00000006c7480000)
 Metaspace       used 24272K, capacity 26016K, committed 26112K, reserved 1071104K
  class space    used 3152K, capacity 3492K, committed 3584K, reserved 1048576K
Event: 1.797 GC heap after
Heap after GC invocations=5 (full 1):
 PSYoungGen      total 120320K, used 6730K [0x000000076b580000, 0x0000000774600000, 0x00000007c0000000)
  eden space 113152K, 0% used [0x000000076b580000,0x000000076b580000,0x0000000772400000)
  from space 7168K, 93% used [0x0000000773f00000,0x0000000774592a80,0x0000000774600000)
  to   space 10752K, 0% used [0x0000000773100000,0x0000000773100000,0x0000000773b80000)
 ParOldGen       total 86528K, used 6121K [0x00000006c2000000, 0x00000006c7480000, 0x000000076b580000)
  object space 86528K, 7% used [0x00000006c2000000,0x00000006c25fa608,0x00000006c7480000)
 Metaspace       used 24272K, capacity 26016K, committed 26112K, reserved 1071104K
  class space    used 3152K, capacity 3492K, committed 3584K, reserved 1048576K
}
Event: 2.609 GC heap before
{Heap before GC invocations=6 (full 1):
 PSYoungGen      total 120320K, used 119882K [0x000000076b580000, 0x0000000774600000, 0x00000007c0000000)
  eden space 113152K, 100% used [0x000000076b580000,0x0000000772400000,0x0000000772400000)
  from space 7168K, 93% used [0x0000000773f00000,0x0000000774592a80,0x0000000774600000)
  to   space 10752K, 0% used [0x0000000773100000,0x0000000773100000,0x0000000773b80000)
 ParOldGen       total 86528K, used 6121K [0x00000006c2000000, 0x00000006c7480000, 0x000000076b580000)
  object space 86528K, 7% used [0x00000006c2000000,0x00000006c25fa608,0x00000006c7480000)
 Metaspace       used 29164K, capacity 31228K, committed 31360K, reserved 1077248K
  class space    used 3770K, capacity 4140K, committed 4224K, reserved 1048576K
Event: 2.616 GC heap after
Heap after GC invocations=6 (full 1):
 PSYoungGen      total 137216K, used 9565K [0x000000076b580000, 0x0000000778780000, 0x00000007c0000000)
  eden space 126464K, 0% used [0x000000076b580000,0x000000076b580000,0x0000000773100000)
  from space 10752K, 88% used [0x0000000773100000,0x0000000773a57728,0x0000000773b80000)
  to   space 11264K, 0% used [0x0000000777c80000,0x0000000777c80000,0x0000000778780000)
 ParOldGen       total 86528K, used 6129K [0x00000006c2000000, 0x00000006c7480000, 0x000000076b580000)
  object space 86528K, 7% used [0x00000006c2000000,0x00000006c25fc608,0x00000006c7480000)
 Metaspace       used 29164K, capacity 31228K, committed 31360K, reserved 1077248K
  class space    used 3770K, capacity 4140K, committed 4224K, reserved 1048576K
}
Event: 3.199 GC heap before
{Heap before GC invocations=7 (full 1):
 PSYoungGen      total 137216K, used 89827K [0x000000076b580000, 0x0000000778780000, 0x00000007c0000000)
  eden space 126464K, 63% used [0x000000076b580000,0x00000007703e15b0,0x0000000773100000)
  from space 10752K, 88% used [0x0000000773100000,0x0000000773a57728,0x0000000773b80000)
  to   space 11264K, 0% used [0x0000000777c80000,0x0000000777c80000,0x0000000778780000)
 ParOldGen       total 86528K, used 6129K [0x00000006c2000000, 0x00000006c7480000, 0x000000076b580000)
  object space 86528K, 7% used [0x00000006c2000000,0x00000006c25fc608,0x00000006c7480000)
 Metaspace       used 33218K, capacity 35450K, committed 35496K, reserved 1079296K
  class space    used 4443K, capacity 4847K, committed 4864K, reserved 1048576K
Event: 3.205 GC heap after
Heap after GC invocations=7 (full 1):
 PSYoungGen      total 203776K, used 9392K [0x000000076b580000, 0x0000000779880000, 0x00000007c0000000)
  eden space 192512K, 0% used [0x000000076b580000,0x000000076b580000,0x0000000777180000)
  from space 11264K, 83% used [0x0000000777c80000,0x00000007785ac320,0x0000000778780000)
  to   space 11264K, 0% used [0x0000000777180000,0x0000000777180000,0x0000000777c80000)
 ParOldGen       total 86528K, used 6137K [0x00000006c2000000, 0x00000006c7480000, 0x000000076b580000)
  object space 86528K, 7% used [0x00000006c2000000,0x00000006c25fe608,0x00000006c7480000)
 Metaspace       used 33218K, capacity 35450K, committed 35496K, reserved 1079296K
  class space    used 4443K, capacity 4847K, committed 4864K, reserved 1048576K
}
Event: 3.205 GC heap before
{Heap before GC invocations=8 (full 2):
 PSYoungGen      total 203776K, used 9392K [0x000000076b580000, 0x0000000779880000, 0x00000007c0000000)
  eden space 192512K, 0% used [0x000000076b580000,0x000000076b580000,0x0000000777180000)
  from space 11264K, 83% used [0x0000000777c80000,0x00000007785ac320,0x0000000778780000)
  to   space 11264K, 0% used [0x0000000777180000,0x0000000777180000,0x0000000777c80000)
 ParOldGen       total 86528K, used 6137K [0x00000006c2000000, 0x00000006c7480000, 0x000000076b580000)
  object space 86528K, 7% used [0x00000006c2000000,0x00000006c25fe608,0x00000006c7480000)
 Metaspace       used 33218K, capacity 35450K, committed 35496K, reserved 1079296K
  class space    used 4443K, capacity 4847K, committed 4864K, reserved 1048576K
Event: 3.232 GC heap after
Heap after GC invocations=8 (full 2):
 PSYoungGen      total 203776K, used 0K [0x000000076b580000, 0x0000000779880000, 0x00000007c0000000)
  eden space 192512K, 0% used [0x000000076b580000,0x000000076b580000,0x0000000777180000)
  from space 11264K, 0% used [0x0000000777c80000,0x0000000777c80000,0x0000000778780000)
  to   space 11264K, 0% used [0x0000000777180000,0x0000000777180000,0x0000000777c80000)
 ParOldGen       total 125440K, used 14089K [0x00000006c2000000, 0x00000006c9a80000, 0x000000076b580000)
  object space 125440K, 11% used [0x00000006c2000000,0x00000006c2dc2660,0x00000006c9a80000)
 Metaspace       used 33218K, capacity 35450K, committed 35496K, reserved 1079296K
  class space    used 4443K, capacity 4847K, committed 4864K, reserved 1048576K
}

