# JRE version: Java(TM) SE Runtime Environment (8.0_181-b13) (build 1.8.0_181-b13)
# Java VM: Java HotSpot(TM) 64-Bit Server VM (25.181-b13 mixed mode windows-amd64 compressed oops)
Heap:
 PSYoungGen      total 203264K, used 181537K [0x000000076b580000, 0x000000077f000000, 0x00000007c0000000)
  eden space 192000K, 88% used [0x000000076b580000,0x0000000775bcbc80,0x0000000777100000)
  from space 11264K, 99% used [0x0000000777100000,0x0000000777bfcb68,0x0000000777c00000)
  to   space 12800K, 0% used [0x000000077e380000,0x000000077e380000,0x000000077f000000)
 ParOldGen       total 128512K, used 14461K [0x00000006c2000000, 0x00000006c9d80000, 0x000000076b580000)
  object space 128512K, 11% used [0x00000006c2000000,0x00000006c2e1f708,0x00000006c9d80000)
 Metaspace       used 48654K, capacity 52056K, committed 52224K, reserved 1093632K
  class space    used 6439K, capacity 7062K, committed 7168K, reserved 1048576K
GC Heap History (10 events):
Event: 2.090 GC heap before
{Heap before GC invocations=5 (full 1):
 PSYoungGen      total 75776K, used 65024K [0x000000076b580000, 0x0000000774980000, 0x00000007c0000000)
  eden space 65024K, 100% used [0x000000076b580000,0x000000076f500000,0x000000076f500000)
  from space 10752K, 0% used [0x000000076f500000,0x000000076f500000,0x000000076ff80000)
  to   space 10752K, 0% used [0x0000000773f00000,0x0000000773f00000,0x0000000774980000)
 ParOldGen       total 87552K, used 6274K [0x00000006c2000000, 0x00000006c7580000, 0x000000076b580000)
  object space 87552K, 7% used [0x00000006c2000000,0x00000006c26208c0,0x00000006c7580000)
 Metaspace       used 24289K, capacity 26080K, committed 26368K, reserved 1073152K
  class space    used 3152K, capacity 3492K, committed 3584K, reserved 1048576K
Event: 2.094 GC heap after
Heap after GC invocations=5 (full 1):
 PSYoungGen      total 120320K, used 6773K [0x000000076b580000, 0x0000000774600000, 0x00000007c0000000)
  eden space 113152K, 0% used [0x000000076b580000,0x000000076b580000,0x0000000772400000)
  from space 7168K, 94% used [0x0000000773f00000,0x000000077459d568,0x0000000774600000)
  to   space 10752K, 0% used [0x0000000773100000,0x0000000773100000,0x0000000773b80000)
 ParOldGen       total 87552K, used 6282K [0x00000006c2000000, 0x00000006c7580000, 0x000000076b580000)
  object space 87552K, 7% used [0x00000006c2000000,0x00000006c26228c0,0x00000006c7580000)
 Metaspace       used 24289K, capacity 26080K, committed 26368K, reserved 1073152K
  class space    used 3152K, capacity 3492K, committed 3584K, reserved 1048576K
}
Event: 2.888 GC heap before
{Heap before GC invocations=6 (full 1):
 PSYoungGen      total 120320K, used 119925K [0x000000076b580000, 0x0000000774600000, 0x00000007c0000000)
  eden space 113152K, 100% used [0x000000076b580000,0x0000000772400000,0x0000000772400000)
  from space 7168K, 94% used [0x0000000773f00000,0x000000077459d568,0x0000000774600000)
  to   space 10752K, 0% used [0x0000000773100000,0x0000000773100000,0x0000000773b80000)
 ParOldGen       total 87552K, used 6282K [0x00000006c2000000, 0x00000006c7580000, 0x000000076b580000)
  object space 87552K, 7% used [0x00000006c2000000,0x00000006c26228c0,0x00000006c7580000)
 Metaspace       used 29540K, capacity 31644K, committed 31872K, reserved 1077248K
  class space    used 3808K, capacity 4172K, committed 4224K, reserved 1048576K
Event: 2.893 GC heap after
Heap after GC invocations=6 (full 1):
 PSYoungGen      total 137216K, used 9980K [0x000000076b580000, 0x0000000778700000, 0x00000007c0000000)
  eden space 126464K, 0% used [0x000000076b580000,0x000000076b580000,0x0000000773100000)
  from space 10752K, 92% used [0x0000000773100000,0x0000000773abf270,0x0000000773b80000)
  to   space 11264K, 0% used [0x0000000777c00000,0x0000000777c00000,0x0000000778700000)
 ParOldGen       total 87552K, used 6290K [0x00000006c2000000, 0x00000006c7580000, 0x000000076b580000)
  object space 87552K, 7% used [0x00000006c2000000,0x00000006c26248c0,0x00000006c7580000)
 Metaspace       used 29540K, capacity 31644K, committed 31872K, reserved 1077248K
  class space    used 3808K, capacity 4172K, committed 4224K, reserved 1048576K
}
Event: 3.484 GC heap before
{Heap before GC invocations=7 (full 1):
 PSYoungGen      total 137216K, used 86530K [0x000000076b580000, 0x0000000778700000, 0x00000007c0000000)
  eden space 126464K, 60% used [0x000000076b580000,0x0000000770041678,0x0000000773100000)
  from space 10752K, 92% used [0x0000000773100000,0x0000000773abf270,0x0000000773b80000)
  to   space 11264K, 0% used [0x0000000777c00000,0x0000000777c00000,0x0000000778700000)
 ParOldGen       total 87552K, used 6290K [0x00000006c2000000, 0x00000006c7580000, 0x000000076b580000)
  object space 87552K, 7% used [0x00000006c2000000,0x00000006c26248c0,0x00000006c7580000)
 Metaspace       used 33221K, capacity 35450K, committed 35496K, reserved 1079296K
  class space    used 4444K, capacity 4847K, committed 4864K, reserved 1048576K
Event: 3.491 GC heap after
Heap after GC invocations=7 (full 1):
 PSYoungGen      total 203264K, used 9175K [0x000000076b580000, 0x0000000779980000, 0x00000007c0000000)
  eden space 192000K, 0% used [0x000000076b580000,0x000000076b580000,0x0000000777100000)
  from space 11264K, 81% used [0x0000000777c00000,0x00000007784f5c90,0x0000000778700000)
  to   space 11264K, 0% used [0x0000000777100000,0x0000000777100000,0x0000000777c00000)
 ParOldGen       total 87552K, used 6298K [0x00000006c2000000, 0x00000006c7580000, 0x000000076b580000)
  object space 87552K, 7% used [0x00000006c2000000,0x00000006c26268c0,0x00000006c7580000)
 Metaspace       used 33221K, capacity 35450K, committed 35496K, reserved 1079296K
  class space    used 4444K, capacity 4847K, committed 4864K, reserved 1048576K
}
Event: 3.491 GC heap before
{Heap before GC invocations=8 (full 2):
 PSYoungGen      total 203264K, used 9175K [0x000000076b580000, 0x0000000779980000, 0x00000007c0000000)
  eden space 192000K, 0% used [0x000000076b580000,0x000000076b580000,0x0000000777100000)
  from space 11264K, 81% used [0x0000000777c00000,0x00000007784f5c90,0x0000000778700000)
  to   space 11264K, 0% used [0x0000000777100000,0x0000000777100000,0x0000000777c00000)
 ParOldGen       total 87552K, used 6298K [0x00000006c2000000, 0x00000006c7580000, 0x000000076b580000)
  object space 87552K, 7% used [0x00000006c2000000,0x00000006c26268c0,0x00000006c7580000)
 Metaspace       used 33221K, capacity 35450K, committed 35496K, reserved 1079296K
  class space    used 4444K, capacity 4847K, committed 4864K, reserved 1048576K
Event: 3.519 GC heap after
Heap after GC invocations=8 (full 2):
 PSYoungGen      total 203264K, used 0K [0x000000076b580000, 0x0000000779980000, 0x00000007c0000000)
  eden space 192000K, 0% used [0x000000076b580000,0x000000076b580000,0x0000000777100000)
  from space 11264K, 0% used [0x0000000777c00000,0x0000000777c00000,0x0000000778700000)
  to   space 11264K, 0% used [0x0000000777100000,0x0000000777100000,0x0000000777c00000)
 ParOldGen       total 128512K, used 13850K [0x00000006c2000000, 0x00000006c9d80000, 0x000000076b580000)
  object space 128512K, 10% used [0x00000006c2000000,0x00000006c2d86808,0x00000006c9d80000)
 Metaspace       used 33221K, capacity 35450K, committed 35496K, reserved 1079296K
  class space    used 4444K, capacity 4847K, committed 4864K, reserved 1048576K
}
Event: 5.646 GC heap before
{Heap before GC invocations=9 (full 2):
 PSYoungGen      total 203264K, used 192000K [0x000000076b580000, 0x0000000779980000, 0x00000007c0000000)
  eden space 192000K, 100% used [0x000000076b580000,0x0000000777100000,0x0000000777100000)
  from space 11264K, 0% used [0x0000000777c00000,0x0000000777c00000,0x0000000778700000)
  to   space 11264K, 0% used [0x0000000777100000,0x0000000777100000,0x0000000777c00000)
 ParOldGen       total 128512K, used 13850K [0x00000006c2000000, 0x00000006c9d80000, 0x000000076b580000)
  object space 128512K, 10% used [0x00000006c2000000,0x00000006c2d86808,0x00000006c9d80000)
 Metaspace       used 44837K, capacity 47732K, committed 48000K, reserved 1091584K
  class space    used 5898K, capacity 6440K, committed 6528K, reserved 1048576K
Event: 5.657 GC heap after
Heap after GC invocations=9 (full 2):
 PSYoungGen      total 203264K, used 11250K [0x000000076b580000, 0x000000077f000000, 0x00000007c0000000)
  eden space 192000K, 0% used [0x000000076b580000,0x000000076b580000,0x0000000777100000)
  from space 11264K, 99% used [0x0000000777100000,0x0000000777bfcb68,0x0000000777c00000)
  to   space 12800K, 0% used [0x000000077e380000,0x000000077e380000,0x000000077f000000)
 ParOldGen       total 128512K, used 14461K [0x00000006c2000000, 0x00000006c9d80000, 0x000000076b580000)
  object space 128512K, 11% used [0x00000006c2000000,0x00000006c2e1f708,0x00000006c9d80000)
 Metaspace       used 44837K, capacity 47732K, committed 48000K, reserved 1091584K
  class space    used 5898K, capacity 6440K, committed 6528K, reserved 1048576K
}

