# JRE version: Java(TM) SE Runtime Environment (8.0_181-b13) (build 1.8.0_181-b13)
# Java VM: Java HotSpot(TM) 64-Bit Server VM (25.181-b13 mixed mode windows-amd64 compressed oops)
Heap:
 PSYoungGen      total 113152K, used 55041K [0x000000076b580000, 0x0000000773000000, 0x00000007c0000000)
  eden space 104448K, 44% used [0x000000076b580000,0x000000076e2c25e8,0x0000000771b80000)
  from space 8704K, 99% used [0x0000000772780000,0x0000000772ffe050,0x0000000773000000)
  to   space 10240K, 0% used [0x0000000771c00000,0x0000000771c00000,0x0000000772600000)
 ParOldGen       total 90112K, used 17571K [0x00000006c2000000, 0x00000006c7800000, 0x000000076b580000)
  object space 90112K, 19% used [0x00000006c2000000,0x00000006c3128e60,0x00000006c7800000)
 Metaspace       used 48731K, capacity 52174K, committed 52480K, reserved 1095680K
  class space    used 6452K, capacity 7071K, committed 7168K, reserved 1048576K
GC Heap History (10 events):
Event: 3.118 GC heap before
{Heap before GC invocations=8 (full 1):
 PSYoungGen      total 113152K, used 65933K [0x000000076b580000, 0x0000000773000000, 0x00000007c0000000)
  eden space 104448K, 55% used [0x000000076b580000,0x000000076edd6e20,0x0000000771b80000)
  from space 8704K, 94% used [0x0000000772780000,0x0000000772f8c9d8,0x0000000773000000)
  to   space 10240K, 0% used [0x0000000771c00000,0x0000000771c00000,0x0000000772600000)
 ParOldGen       total 90112K, used 6193K [0x00000006c2000000, 0x00000006c7800000, 0x000000076b580000)
  object space 90112K, 6% used [0x00000006c2000000,0x00000006c260c5e8,0x00000006c7800000)
 Metaspace       used 33232K, capacity 35450K, committed 35496K, reserved 1079296K
  class space    used 4442K, capacity 4847K, committed 4864K, reserved 1048576K
Event: 3.124 GC heap after
Heap after GC invocations=8 (full 1):
 PSYoungGen      total 114688K, used 8558K [0x000000076b580000, 0x0000000773000000, 0x00000007c0000000)
  eden space 104448K, 0% used [0x000000076b580000,0x000000076b580000,0x0000000771b80000)
  from space 10240K, 83% used [0x0000000771c00000,0x000000077245bad0,0x0000000772600000)
  to   space 8704K, 0% used [0x0000000772780000,0x0000000772780000,0x0000000773000000)
 ParOldGen       total 90112K, used 6201K [0x00000006c2000000, 0x00000006c7800000, 0x000000076b580000)
  object space 90112K, 6% used [0x00000006c2000000,0x00000006c260e5e8,0x00000006c7800000)
 Metaspace       used 33232K, capacity 35450K, committed 35496K, reserved 1079296K
  class space    used 4442K, capacity 4847K, committed 4864K, reserved 1048576K
}
Event: 3.124 GC heap before
{Heap before GC invocations=9 (full 2):
 PSYoungGen      total 114688K, used 8558K [0x000000076b580000, 0x0000000773000000, 0x00000007c0000000)
  eden space 104448K, 0% used [0x000000076b580000,0x000000076b580000,0x0000000771b80000)
  from space 10240K, 83% used [0x0000000771c00000,0x000000077245bad0,0x0000000772600000)
  to   space 8704K, 0% used [0x0000000772780000,0x0000000772780000,0x0000000773000000)
 ParOldGen       total 90112K, used 6201K [0x00000006c2000000, 0x00000006c7800000, 0x000000076b580000)
  object space 90112K, 6% used [0x00000006c2000000,0x00000006c260e5e8,0x00000006c7800000)
 Metaspace       used 33232K, capacity 35450K, committed 35496K, reserved 1079296K
  class space    used 4442K, capacity 4847K, committed 4864K, reserved 1048576K
Event: 3.153 GC heap after
Heap after GC invocations=9 (full 2):
 PSYoungGen      total 114688K, used 0K [0x000000076b580000, 0x0000000773000000, 0x00000007c0000000)
  eden space 104448K, 0% used [0x000000076b580000,0x000000076b580000,0x0000000771b80000)
  from space 10240K, 0% used [0x0000000771c00000,0x0000000771c00000,0x0000000772600000)
  to   space 8704K, 0% used [0x0000000772780000,0x0000000772780000,0x0000000773000000)
 ParOldGen       total 90112K, used 13244K [0x00000006c2000000, 0x00000006c7800000, 0x000000076b580000)
  object space 90112K, 14% used [0x00000006c2000000,0x00000006c2cef1e0,0x00000006c7800000)
 Metaspace       used 33232K, capacity 35450K, committed 35496K, reserved 1079296K
  class space    used 4442K, capacity 4847K, committed 4864K, reserved 1048576K
}
Event: 4.224 GC heap before
{Heap before GC invocations=10 (full 2):
 PSYoungGen      total 114688K, used 104448K [0x000000076b580000, 0x0000000773000000, 0x00000007c0000000)
  eden space 104448K, 100% used [0x000000076b580000,0x0000000771b80000,0x0000000771b80000)
  from space 10240K, 0% used [0x0000000771c00000,0x0000000771c00000,0x0000000772600000)
  to   space 8704K, 0% used [0x0000000772780000,0x0000000772780000,0x0000000773000000)
 ParOldGen       total 90112K, used 13244K [0x00000006c2000000, 0x00000006c7800000, 0x000000076b580000)
  object space 90112K, 14% used [0x00000006c2000000,0x00000006c2cef1e0,0x00000006c7800000)
 Metaspace       used 41235K, capacity 43964K, committed 44160K, reserved 1087488K
  class space    used 5464K, capacity 5966K, committed 6016K, reserved 1048576K
Event: 4.227 GC heap after
Heap after GC invocations=10 (full 2):
 PSYoungGen      total 113152K, used 7538K [0x000000076b580000, 0x0000000773000000, 0x00000007c0000000)
  eden space 104448K, 0% used [0x000000076b580000,0x000000076b580000,0x0000000771b80000)
  from space 8704K, 86% used [0x0000000772780000,0x0000000772edcbb0,0x0000000773000000)
  to   space 10240K, 0% used [0x0000000771c00000,0x0000000771c00000,0x0000000772600000)
 ParOldGen       total 90112K, used 13316K [0x00000006c2000000, 0x00000006c7800000, 0x000000076b580000)
  object space 90112K, 14% used [0x00000006c2000000,0x00000006c2d011f0,0x00000006c7800000)
 Metaspace       used 41235K, capacity 43964K, committed 44160K, reserved 1087488K
  class space    used 5464K, capacity 5966K, committed 6016K, reserved 1048576K
}
Event: 5.159 GC heap before
{Heap before GC invocations=11 (full 2):
 PSYoungGen      total 113152K, used 111986K [0x000000076b580000, 0x0000000773000000, 0x00000007c0000000)
  eden space 104448K, 100% used [0x000000076b580000,0x0000000771b80000,0x0000000771b80000)
  from space 8704K, 86% used [0x0000000772780000,0x0000000772edcbb0,0x0000000773000000)
  to   space 10240K, 0% used [0x0000000771c00000,0x0000000771c00000,0x0000000772600000)
 ParOldGen       total 90112K, used 13316K [0x00000006c2000000, 0x00000006c7800000, 0x000000076b580000)
  object space 90112K, 14% used [0x00000006c2000000,0x00000006c2d011f0,0x00000006c7800000)
 Metaspace       used 45821K, capacity 48900K, committed 49152K, reserved 1091584K
  class space    used 6028K, capacity 6608K, committed 6656K, reserved 1048576K
Event: 5.165 GC heap after
Heap after GC invocations=11 (full 2):
 PSYoungGen      total 114688K, used 9006K [0x000000076b580000, 0x0000000773000000, 0x00000007c0000000)
  eden space 104448K, 0% used [0x000000076b580000,0x000000076b580000,0x0000000771b80000)
  from space 10240K, 87% used [0x0000000771c00000,0x00000007724cba90,0x0000000772600000)
  to   space 8704K, 0% used [0x0000000772780000,0x0000000772780000,0x0000000773000000)
 ParOldGen       total 90112K, used 13324K [0x00000006c2000000, 0x00000006c7800000, 0x000000076b580000)
  object space 90112K, 14% used [0x00000006c2000000,0x00000006c2d031f0,0x00000006c7800000)
 Metaspace       used 45821K, capacity 48900K, committed 49152K, reserved 1091584K
  class space    used 6028K, capacity 6608K, committed 6656K, reserved 1048576K
}
Event: 5.749 GC heap before
{Heap before GC invocations=12 (full 2):
 PSYoungGen      total 114688K, used 113454K [0x000000076b580000, 0x0000000773000000, 0x00000007c0000000)
  eden space 104448K, 100% used [0x000000076b580000,0x0000000771b80000,0x0000000771b80000)
  from space 10240K, 87% used [0x0000000771c00000,0x00000007724cba90,0x0000000772600000)
  to   space 8704K, 0% used [0x0000000772780000,0x0000000772780000,0x0000000773000000)
 ParOldGen       total 90112K, used 13324K [0x00000006c2000000, 0x00000006c7800000, 0x000000076b580000)
  object space 90112K, 14% used [0x00000006c2000000,0x00000006c2d031f0,0x00000006c7800000)
 Metaspace       used 48173K, capacity 51572K, committed 51840K, reserved 1093632K
  class space    used 6364K, capacity 6990K, committed 7040K, reserved 1048576K
Event: 5.757 GC heap after
Heap after GC invocations=12 (full 2):
 PSYoungGen      total 113152K, used 8696K [0x000000076b580000, 0x0000000773000000, 0x00000007c0000000)
  eden space 104448K, 0% used [0x000000076b580000,0x000000076b580000,0x0000000771b80000)
  from space 8704K, 99% used [0x0000000772780000,0x0000000772ffe050,0x0000000773000000)
  to   space 10240K, 0% used [0x0000000771c00000,0x0000000771c00000,0x0000000772600000)
 ParOldGen       total 90112K, used 17571K [0x00000006c2000000, 0x00000006c7800000, 0x000000076b580000)
  object space 90112K, 19% used [0x00000006c2000000,0x00000006c3128e60,0x00000006c7800000)
 Metaspace       used 48173K, capacity 51572K, committed 51840K, reserved 1093632K
  class space    used 6364K, capacity 6990K, committed 7040K, reserved 1048576K
}

