# JRE version: Java(TM) SE Runtime Environment (8.0_181-b13) (build 1.8.0_181-b13)
# Java VM: Java HotSpot(TM) 64-Bit Server VM (25.181-b13 mixed mode windows-amd64 compressed oops)
Heap:
 PSYoungGen      total 203776K, used 62366K [0x000000076b580000, 0x0000000779980000, 0x00000007c0000000)
  eden space 192512K, 32% used [0x000000076b580000,0x000000076f267928,0x0000000777180000)
  from space 11264K, 0% used [0x0000000777c80000,0x0000000777c80000,0x0000000778780000)
  to   space 11264K, 0% used [0x0000000777180000,0x0000000777180000,0x0000000777c80000)
 ParOldGen       total 126464K, used 14065K [0x00000006c2000000, 0x00000006c9b80000, 0x000000076b580000)
  object space 126464K, 11% used [0x00000006c2000000,0x00000006c2dbc4d0,0x00000006c9b80000)
 Metaspace       used 37207K, capacity 39782K, committed 40064K, reserved 1083392K
  class space    used 4975K, capacity 5475K, committed 5504K, reserved 1048576K
GC Heap History (10 events):
Event: 1.483 GC heap before
{Heap before GC invocations=4 (full 1):
 PSYoungGen      total 75776K, used 6523K [0x000000076b580000, 0x0000000774980000, 0x00000007c0000000)
  eden space 65024K, 0% used [0x000000076b580000,0x000000076b580000,0x000000076f500000)
  from space 10752K, 60% used [0x000000076f500000,0x000000076fb5eca0,0x000000076ff80000)
  to   space 10752K, 0% used [0x0000000773f00000,0x0000000773f00000,0x0000000774980000)
 ParOldGen       total 173568K, used 40K [0x00000006c2000000, 0x00000006cc980000, 0x000000076b580000)
  object space 173568K, 0% used [0x00000006c2000000,0x00000006c200a000,0x00000006cc980000)
 Metaspace       used 19555K, capacity 21168K, committed 21296K, reserved 1067008K
  class space    used 2547K, capacity 2868K, committed 2944K, reserved 1048576K
Event: 1.500 GC heap after
Heap after GC invocations=4 (full 1):
 PSYoungGen      total 75776K, used 0K [0x000000076b580000, 0x0000000774980000, 0x00000007c0000000)
  eden space 65024K, 0% used [0x000000076b580000,0x000000076b580000,0x000000076f500000)
  from space 10752K, 0% used [0x000000076f500000,0x000000076f500000,0x000000076ff80000)
  to   space 10752K, 0% used [0x0000000773f00000,0x0000000773f00000,0x0000000774980000)
 ParOldGen       total 87040K, used 6168K [0x00000006c2000000, 0x00000006c7500000, 0x000000076b580000)
  object space 87040K, 7% used [0x00000006c2000000,0x00000006c26060d8,0x00000006c7500000)
 Metaspace       used 19555K, capacity 21168K, committed 21296K, reserved 1067008K
  class space    used 2547K, capacity 2868K, committed 2944K, reserved 1048576K
}
Event: 1.731 GC heap before
{Heap before GC invocations=5 (full 1):
 PSYoungGen      total 75776K, used 65024K [0x000000076b580000, 0x0000000774980000, 0x00000007c0000000)
  eden space 65024K, 100% used [0x000000076b580000,0x000000076f500000,0x000000076f500000)
  from space 10752K, 0% used [0x000000076f500000,0x000000076f500000,0x000000076ff80000)
  to   space 10752K, 0% used [0x0000000773f00000,0x0000000773f00000,0x0000000774980000)
 ParOldGen       total 87040K, used 6168K [0x00000006c2000000, 0x00000006c7500000, 0x000000076b580000)
  object space 87040K, 7% used [0x00000006c2000000,0x00000006c26060d8,0x00000006c7500000)
 Metaspace       used 24293K, capacity 26080K, committed 26368K, reserved 1073152K
  class space    used 3153K, capacity 3492K, committed 3584K, reserved 1048576K
Event: 1.736 GC heap after
Heap after GC invocations=5 (full 1):
 PSYoungGen      total 120320K, used 6724K [0x000000076b580000, 0x0000000774600000, 0x00000007c0000000)
  eden space 113152K, 0% used [0x000000076b580000,0x000000076b580000,0x0000000772400000)
  from space 7168K, 93% used [0x0000000773f00000,0x0000000774591008,0x0000000774600000)
  to   space 10752K, 0% used [0x0000000773100000,0x0000000773100000,0x0000000773b80000)
 ParOldGen       total 87040K, used 6176K [0x00000006c2000000, 0x00000006c7500000, 0x000000076b580000)
  object space 87040K, 7% used [0x00000006c2000000,0x00000006c26080d8,0x00000006c7500000)
 Metaspace       used 24293K, capacity 26080K, committed 26368K, reserved 1073152K
  class space    used 3153K, capacity 3492K, committed 3584K, reserved 1048576K
}
Event: 2.472 GC heap before
{Heap before GC invocations=6 (full 1):
 PSYoungGen      total 120320K, used 119876K [0x000000076b580000, 0x0000000774600000, 0x00000007c0000000)
  eden space 113152K, 100% used [0x000000076b580000,0x0000000772400000,0x0000000772400000)
  from space 7168K, 93% used [0x0000000773f00000,0x0000000774591008,0x0000000774600000)
  to   space 10752K, 0% used [0x0000000773100000,0x0000000773100000,0x0000000773b80000)
 ParOldGen       total 87040K, used 6176K [0x00000006c2000000, 0x00000006c7500000, 0x000000076b580000)
  object space 87040K, 7% used [0x00000006c2000000,0x00000006c26080d8,0x00000006c7500000)
 Metaspace       used 29188K, capacity 31292K, committed 31616K, reserved 1077248K
  class space    used 3770K, capacity 4140K, committed 4224K, reserved 1048576K
Event: 2.479 GC heap after
Heap after GC invocations=6 (full 1):
 PSYoungGen      total 137216K, used 9562K [0x000000076b580000, 0x0000000778780000, 0x00000007c0000000)
  eden space 126464K, 0% used [0x000000076b580000,0x000000076b580000,0x0000000773100000)
  from space 10752K, 88% used [0x0000000773100000,0x0000000773a56850,0x0000000773b80000)
  to   space 11264K, 0% used [0x0000000777c80000,0x0000000777c80000,0x0000000778780000)
 ParOldGen       total 87040K, used 6184K [0x00000006c2000000, 0x00000006c7500000, 0x000000076b580000)
  object space 87040K, 7% used [0x00000006c2000000,0x00000006c260a0d8,0x00000006c7500000)
 Metaspace       used 29188K, capacity 31292K, committed 31616K, reserved 1077248K
  class space    used 3770K, capacity 4140K, committed 4224K, reserved 1048576K
}
Event: 2.971 GC heap before
{Heap before GC invocations=7 (full 1):
 PSYoungGen      total 137216K, used 89825K [0x000000076b580000, 0x0000000778780000, 0x00000007c0000000)
  eden space 126464K, 63% used [0x000000076b580000,0x00000007703e1e30,0x0000000773100000)
  from space 10752K, 88% used [0x0000000773100000,0x0000000773a56850,0x0000000773b80000)
  to   space 11264K, 0% used [0x0000000777c80000,0x0000000777c80000,0x0000000778780000)
 ParOldGen       total 87040K, used 6184K [0x00000006c2000000, 0x00000006c7500000, 0x000000076b580000)
  object space 87040K, 7% used [0x00000006c2000000,0x00000006c260a0d8,0x00000006c7500000)
 Metaspace       used 33218K, capacity 35450K, committed 35496K, reserved 1079296K
  class space    used 4441K, capacity 4847K, committed 4864K, reserved 1048576K
Event: 2.977 GC heap after
Heap after GC invocations=7 (full 1):
 PSYoungGen      total 203776K, used 9382K [0x000000076b580000, 0x0000000779980000, 0x00000007c0000000)
  eden space 192512K, 0% used [0x000000076b580000,0x000000076b580000,0x0000000777180000)
  from space 11264K, 83% used [0x0000000777c80000,0x00000007785a9838,0x0000000778780000)
  to   space 11264K, 0% used [0x0000000777180000,0x0000000777180000,0x0000000777c80000)
 ParOldGen       total 87040K, used 6192K [0x00000006c2000000, 0x00000006c7500000, 0x000000076b580000)
  object space 87040K, 7% used [0x00000006c2000000,0x00000006c260c0d8,0x00000006c7500000)
 Metaspace       used 33218K, capacity 35450K, committed 35496K, reserved 1079296K
  class space    used 4441K, capacity 4847K, committed 4864K, reserved 1048576K
}
Event: 2.977 GC heap before
{Heap before GC invocations=8 (full 2):
 PSYoungGen      total 203776K, used 9382K [0x000000076b580000, 0x0000000779980000, 0x00000007c0000000)
  eden space 192512K, 0% used [0x000000076b580000,0x000000076b580000,0x0000000777180000)
  from space 11264K, 83% used [0x0000000777c80000,0x00000007785a9838,0x0000000778780000)
  to   space 11264K, 0% used [0x0000000777180000,0x0000000777180000,0x0000000777c80000)
 ParOldGen       total 87040K, used 6192K [0x00000006c2000000, 0x00000006c7500000, 0x000000076b580000)
  object space 87040K, 7% used [0x00000006c2000000,0x00000006c260c0d8,0x00000006c7500000)
 Metaspace       used 33218K, capacity 35450K, committed 35496K, reserved 1079296K
  class space    used 4441K, capacity 4847K, committed 4864K, reserved 1048576K
Event: 3.004 GC heap after
Heap after GC invocations=8 (full 2):
 PSYoungGen      total 203776K, used 0K [0x000000076b580000, 0x0000000779980000, 0x00000007c0000000)
  eden space 192512K, 0% used [0x000000076b580000,0x000000076b580000,0x0000000777180000)
  from space 11264K, 0% used [0x0000000777c80000,0x0000000777c80000,0x0000000778780000)
  to   space 11264K, 0% used [0x0000000777180000,0x0000000777180000,0x0000000777c80000)
 ParOldGen       total 126464K, used 14065K [0x00000006c2000000, 0x00000006c9b80000, 0x000000076b580000)
  object space 126464K, 11% used [0x00000006c2000000,0x00000006c2dbc4d0,0x00000006c9b80000)
 Metaspace       used 33218K, capacity 35450K, committed 35496K, reserved 1079296K
  class space    used 4441K, capacity 4847K, committed 4864K, reserved 1048576K
}

