# JRE version: Java(TM) SE Runtime Environment (8.0_181-b13) (build 1.8.0_181-b13)
# Java VM: Java HotSpot(TM) 64-Bit Server VM (25.181-b13 mixed mode windows-amd64 compressed oops)
Heap:
 PSYoungGen      total 200704K, used 87797K [0x000000076b580000, 0x000000077b900000, 0x00000007c0000000)
  eden space 189440K, 40% used [0x000000076b580000,0x000000077003e248,0x0000000776e80000)
  from space 11264K, 99% used [0x0000000777a80000,0x000000077857f570,0x0000000778580000)
  to   space 12288K, 0% used [0x0000000776e80000,0x0000000776e80000,0x0000000777a80000)
 ParOldGen       total 130048K, used 18294K [0x00000006c2000000, 0x00000006c9f00000, 0x000000076b580000)
  object space 130048K, 14% used [0x00000006c2000000,0x00000006c31ddb50,0x00000006c9f00000)
 Metaspace       used 49143K, capacity 52604K, committed 52736K, reserved 1095680K
  class space    used 6490K, capacity 7106K, committed 7168K, reserved 1048576K
GC Heap History (10 events):
Event: 2.918 GC heap before
{Heap before GC invocations=7 (full 1):
 PSYoungGen      total 137216K, used 86513K [0x000000076b580000, 0x0000000778580000, 0x00000007c0000000)
  eden space 126464K, 60% used [0x000000076b580000,0x00000007700426c8,0x0000000773100000)
  from space 10752K, 92% used [0x0000000773100000,0x0000000773ab9fb8,0x0000000773b80000)
  to   space 11264K, 0% used [0x0000000777a80000,0x0000000777a80000,0x0000000778580000)
 ParOldGen       total 87552K, used 6131K [0x00000006c2000000, 0x00000006c7580000, 0x000000076b580000)
  object space 87552K, 7% used [0x00000006c2000000,0x00000006c25fcd98,0x00000006c7580000)
 Metaspace       used 33220K, capacity 35450K, committed 35496K, reserved 1079296K
  class space    used 4445K, capacity 4847K, committed 4864K, reserved 1048576K
Event: 2.923 GC heap after
Heap after GC invocations=7 (full 1):
 PSYoungGen      total 201216K, used 9039K [0x000000076b580000, 0x0000000779900000, 0x00000007c0000000)
  eden space 189952K, 0% used [0x000000076b580000,0x000000076b580000,0x0000000776f00000)
  from space 11264K, 80% used [0x0000000777a80000,0x0000000778353cd8,0x0000000778580000)
  to   space 11776K, 0% used [0x0000000776f00000,0x0000000776f00000,0x0000000777a80000)
 ParOldGen       total 87552K, used 6139K [0x00000006c2000000, 0x00000006c7580000, 0x000000076b580000)
  object space 87552K, 7% used [0x00000006c2000000,0x00000006c25fed98,0x00000006c7580000)
 Metaspace       used 33220K, capacity 35450K, committed 35496K, reserved 1079296K
  class space    used 4445K, capacity 4847K, committed 4864K, reserved 1048576K
}
Event: 2.923 GC heap before
{Heap before GC invocations=8 (full 2):
 PSYoungGen      total 201216K, used 9039K [0x000000076b580000, 0x0000000779900000, 0x00000007c0000000)
  eden space 189952K, 0% used [0x000000076b580000,0x000000076b580000,0x0000000776f00000)
  from space 11264K, 80% used [0x0000000777a80000,0x0000000778353cd8,0x0000000778580000)
  to   space 11776K, 0% used [0x0000000776f00000,0x0000000776f00000,0x0000000777a80000)
 ParOldGen       total 87552K, used 6139K [0x00000006c2000000, 0x00000006c7580000, 0x000000076b580000)
  object space 87552K, 7% used [0x00000006c2000000,0x00000006c25fed98,0x00000006c7580000)
 Metaspace       used 33220K, capacity 35450K, committed 35496K, reserved 1079296K
  class space    used 4445K, capacity 4847K, committed 4864K, reserved 1048576K
Event: 2.951 GC heap after
Heap after GC invocations=8 (full 2):
 PSYoungGen      total 201216K, used 0K [0x000000076b580000, 0x0000000779900000, 0x00000007c0000000)
  eden space 189952K, 0% used [0x000000076b580000,0x000000076b580000,0x0000000776f00000)
  from space 11264K, 0% used [0x0000000777a80000,0x0000000777a80000,0x0000000778580000)
  to   space 11776K, 0% used [0x0000000776f00000,0x0000000776f00000,0x0000000777a80000)
 ParOldGen       total 130048K, used 13904K [0x00000006c2000000, 0x00000006c9f00000, 0x000000076b580000)
  object space 130048K, 10% used [0x00000006c2000000,0x00000006c2d94240,0x00000006c9f00000)
 Metaspace       used 33220K, capacity 35450K, committed 35496K, reserved 1079296K
  class space    used 4445K, capacity 4847K, committed 4864K, reserved 1048576K
}
Event: 4.039 GC heap before
{Heap before GC invocations=9 (full 2):
 PSYoungGen      total 201216K, used 122884K [0x000000076b580000, 0x0000000779900000, 0x00000007c0000000)
  eden space 189952K, 64% used [0x000000076b580000,0x0000000772d812d0,0x0000000776f00000)
  from space 11264K, 0% used [0x0000000777a80000,0x0000000777a80000,0x0000000778580000)
  to   space 11776K, 0% used [0x0000000776f00000,0x0000000776f00000,0x0000000777a80000)
 ParOldGen       total 130048K, used 13904K [0x00000006c2000000, 0x00000006c9f00000, 0x000000076b580000)
  object space 130048K, 10% used [0x00000006c2000000,0x00000006c2d94240,0x00000006c9f00000)
 Metaspace       used 41616K, capacity 44252K, committed 44416K, reserved 1087488K
  class space    used 5508K, capacity 5998K, committed 6016K, reserved 1048576K
Event: 4.046 GC heap after
Heap after GC invocations=9 (full 2):
 PSYoungGen      total 201728K, used 7962K [0x000000076b580000, 0x0000000779900000, 0x00000007c0000000)
  eden space 189952K, 0% used [0x000000076b580000,0x000000076b580000,0x0000000776f00000)
  from space 11776K, 67% used [0x0000000776f00000,0x00000007776c68f0,0x0000000777a80000)
  to   space 11264K, 0% used [0x0000000777a80000,0x0000000777a80000,0x0000000778580000)
 ParOldGen       total 130048K, used 13976K [0x00000006c2000000, 0x00000006c9f00000, 0x000000076b580000)
  object space 130048K, 10% used [0x00000006c2000000,0x00000006c2da6250,0x00000006c9f00000)
 Metaspace       used 41616K, capacity 44252K, committed 44416K, reserved 1087488K
  class space    used 5508K, capacity 5998K, committed 6016K, reserved 1048576K
}
Event: 4.046 GC heap before
{Heap before GC invocations=10 (full 3):
 PSYoungGen      total 201728K, used 7962K [0x000000076b580000, 0x0000000779900000, 0x00000007c0000000)
  eden space 189952K, 0% used [0x000000076b580000,0x000000076b580000,0x0000000776f00000)
  from space 11776K, 67% used [0x0000000776f00000,0x00000007776c68f0,0x0000000777a80000)
  to   space 11264K, 0% used [0x0000000777a80000,0x0000000777a80000,0x0000000778580000)
 ParOldGen       total 130048K, used 13976K [0x00000006c2000000, 0x00000006c9f00000, 0x000000076b580000)
  object space 130048K, 10% used [0x00000006c2000000,0x00000006c2da6250,0x00000006c9f00000)
 Metaspace       used 41616K, capacity 44252K, committed 44416K, reserved 1087488K
  class space    used 5508K, capacity 5998K, committed 6016K, reserved 1048576K
Event: 4.145 GC heap after
Heap after GC invocations=10 (full 3):
 PSYoungGen      total 201728K, used 0K [0x000000076b580000, 0x0000000779900000, 0x00000007c0000000)
  eden space 189952K, 0% used [0x000000076b580000,0x000000076b580000,0x0000000776f00000)
  from space 11776K, 0% used [0x0000000776f00000,0x0000000776f00000,0x0000000777a80000)
  to   space 11264K, 0% used [0x0000000777a80000,0x0000000777a80000,0x0000000778580000)
 ParOldGen       total 130048K, used 18218K [0x00000006c2000000, 0x00000006c9f00000, 0x000000076b580000)
  object space 130048K, 14% used [0x00000006c2000000,0x00000006c31ca910,0x00000006c9f00000)
 Metaspace       used 41616K, capacity 44252K, committed 44416K, reserved 1087488K
  class space    used 5508K, capacity 5998K, committed 6016K, reserved 1048576K
}
Event: 5.771 GC heap before
{Heap before GC invocations=11 (full 3):
 PSYoungGen      total 201728K, used 189952K [0x000000076b580000, 0x0000000779900000, 0x00000007c0000000)
  eden space 189952K, 100% used [0x000000076b580000,0x0000000776f00000,0x0000000776f00000)
  from space 11776K, 0% used [0x0000000776f00000,0x0000000776f00000,0x0000000777a80000)
  to   space 11264K, 0% used [0x0000000777a80000,0x0000000777a80000,0x0000000778580000)
 ParOldGen       total 130048K, used 18218K [0x00000006c2000000, 0x00000006c9f00000, 0x000000076b580000)
  object space 130048K, 14% used [0x00000006c2000000,0x00000006c31ca910,0x00000006c9f00000)
 Metaspace       used 47958K, capacity 51314K, committed 51584K, reserved 1093632K
  class space    used 6338K, capacity 6967K, committed 7040K, reserved 1048576K
Event: 5.778 GC heap after
Heap after GC invocations=11 (full 3):
 PSYoungGen      total 200704K, used 11261K [0x000000076b580000, 0x000000077b900000, 0x00000007c0000000)
  eden space 189440K, 0% used [0x000000076b580000,0x000000076b580000,0x0000000776e80000)
  from space 11264K, 99% used [0x0000000777a80000,0x000000077857f570,0x0000000778580000)
  to   space 12288K, 0% used [0x0000000776e80000,0x0000000776e80000,0x0000000777a80000)
 ParOldGen       total 130048K, used 18294K [0x00000006c2000000, 0x00000006c9f00000, 0x000000076b580000)
  object space 130048K, 14% used [0x00000006c2000000,0x00000006c31ddb50,0x00000006c9f00000)
 Metaspace       used 47958K, capacity 51314K, committed 51584K, reserved 1093632K
  class space    used 6338K, capacity 6967K, committed 7040K, reserved 1048576K
}

