# JRE version: Java(TM) SE Runtime Environment (8.0_181-b13) (build 1.8.0_181-b13)
# Java VM: Java HotSpot(TM) 64-Bit Server VM (25.181-b13 mixed mode windows-amd64 compressed oops)
Heap:
 PSYoungGen      total 137728K, used 60687K [0x000000076b580000, 0x0000000778380000, 0x00000007c0000000)
  eden space 126464K, 47% used [0x000000076b580000,0x000000076f0c3da0,0x0000000773100000)
  from space 11264K, 0% used [0x0000000777880000,0x0000000777880000,0x0000000778380000)
  to   space 10752K, 0% used [0x0000000773100000,0x0000000773100000,0x0000000773b80000)
 ParOldGen       total 88576K, used 14129K [0x00000006c2000000, 0x00000006c7680000, 0x000000076b580000)
  object space 88576K, 15% used [0x00000006c2000000,0x00000006c2dcc558,0x00000006c7680000)
 Metaspace       used 37184K, capacity 39684K, committed 39808K, reserved 1083392K
  class space    used 4970K, capacity 5442K, committed 5504K, reserved 1048576K
GC Heap History (10 events):
Event: 1.679 GC heap before
{Heap before GC invocations=4 (full 1):
 PSYoungGen      total 75776K, used 6416K [0x000000076b580000, 0x0000000774980000, 0x00000007c0000000)
  eden space 65024K, 0% used [0x000000076b580000,0x000000076b580000,0x000000076f500000)
  from space 10752K, 59% used [0x000000076f500000,0x000000076fb44098,0x000000076ff80000)
  to   space 10752K, 0% used [0x0000000773f00000,0x0000000773f00000,0x0000000774980000)
 ParOldGen       total 173568K, used 40K [0x00000006c2000000, 0x00000006cc980000, 0x000000076b580000)
  object space 173568K, 0% used [0x00000006c2000000,0x00000006c200a000,0x00000006cc980000)
 Metaspace       used 19561K, capacity 21190K, committed 21296K, reserved 1067008K
  class space    used 2547K, capacity 2873K, committed 2944K, reserved 1048576K
Event: 1.697 GC heap after
Heap after GC invocations=4 (full 1):
 PSYoungGen      total 75776K, used 0K [0x000000076b580000, 0x0000000774980000, 0x00000007c0000000)
  eden space 65024K, 0% used [0x000000076b580000,0x000000076b580000,0x000000076f500000)
  from space 10752K, 0% used [0x000000076f500000,0x000000076f500000,0x000000076ff80000)
  to   space 10752K, 0% used [0x0000000773f00000,0x0000000773f00000,0x0000000774980000)
 ParOldGen       total 88576K, used 6117K [0x00000006c2000000, 0x00000006c7680000, 0x000000076b580000)
  object space 88576K, 6% used [0x00000006c2000000,0x00000006c25f94f8,0x00000006c7680000)
 Metaspace       used 19561K, capacity 21190K, committed 21296K, reserved 1067008K
  class space    used 2547K, capacity 2873K, committed 2944K, reserved 1048576K
}
Event: 1.940 GC heap before
{Heap before GC invocations=5 (full 1):
 PSYoungGen      total 75776K, used 65024K [0x000000076b580000, 0x0000000774980000, 0x00000007c0000000)
  eden space 65024K, 100% used [0x000000076b580000,0x000000076f500000,0x000000076f500000)
  from space 10752K, 0% used [0x000000076f500000,0x000000076f500000,0x000000076ff80000)
  to   space 10752K, 0% used [0x0000000773f00000,0x0000000773f00000,0x0000000774980000)
 ParOldGen       total 88576K, used 6117K [0x00000006c2000000, 0x00000006c7680000, 0x000000076b580000)
  object space 88576K, 6% used [0x00000006c2000000,0x00000006c25f94f8,0x00000006c7680000)
 Metaspace       used 24290K, capacity 26080K, committed 26368K, reserved 1073152K
  class space    used 3155K, capacity 3492K, committed 3584K, reserved 1048576K
Event: 1.945 GC heap after
Heap after GC invocations=5 (full 1):
 PSYoungGen      total 119296K, used 6690K [0x000000076b580000, 0x0000000774600000, 0x00000007c0000000)
  eden space 112128K, 0% used [0x000000076b580000,0x000000076b580000,0x0000000772300000)
  from space 7168K, 93% used [0x0000000773f00000,0x0000000774588b80,0x0000000774600000)
  to   space 10752K, 0% used [0x0000000773100000,0x0000000773100000,0x0000000773b80000)
 ParOldGen       total 88576K, used 6125K [0x00000006c2000000, 0x00000006c7680000, 0x000000076b580000)
  object space 88576K, 6% used [0x00000006c2000000,0x00000006c25fb4f8,0x00000006c7680000)
 Metaspace       used 24290K, capacity 26080K, committed 26368K, reserved 1073152K
  class space    used 3155K, capacity 3492K, committed 3584K, reserved 1048576K
}
Event: 2.750 GC heap before
{Heap before GC invocations=6 (full 1):
 PSYoungGen      total 119296K, used 118818K [0x000000076b580000, 0x0000000774600000, 0x00000007c0000000)
  eden space 112128K, 100% used [0x000000076b580000,0x0000000772300000,0x0000000772300000)
  from space 7168K, 93% used [0x0000000773f00000,0x0000000774588b80,0x0000000774600000)
  to   space 10752K, 0% used [0x0000000773100000,0x0000000773100000,0x0000000773b80000)
 ParOldGen       total 88576K, used 6125K [0x00000006c2000000, 0x00000006c7680000, 0x000000076b580000)
  object space 88576K, 6% used [0x00000006c2000000,0x00000006c25fb4f8,0x00000006c7680000)
 Metaspace       used 29111K, capacity 31228K, committed 31360K, reserved 1077248K
  class space    used 3761K, capacity 4140K, committed 4224K, reserved 1048576K
Event: 2.756 GC heap after
Heap after GC invocations=6 (full 1):
 PSYoungGen      total 137216K, used 9532K [0x000000076b580000, 0x0000000778380000, 0x00000007c0000000)
  eden space 126464K, 0% used [0x000000076b580000,0x000000076b580000,0x0000000773100000)
  from space 10752K, 88% used [0x0000000773100000,0x0000000773a4f0f0,0x0000000773b80000)
  to   space 11264K, 0% used [0x0000000777880000,0x0000000777880000,0x0000000778380000)
 ParOldGen       total 88576K, used 6133K [0x00000006c2000000, 0x00000006c7680000, 0x000000076b580000)
  object space 88576K, 6% used [0x00000006c2000000,0x00000006c25fd4f8,0x00000006c7680000)
 Metaspace       used 29111K, capacity 31228K, committed 31360K, reserved 1077248K
  class space    used 3761K, capacity 4140K, committed 4224K, reserved 1048576K
}
Event: 3.313 GC heap before
{Heap before GC invocations=7 (full 1):
 PSYoungGen      total 137216K, used 89669K [0x000000076b580000, 0x0000000778380000, 0x00000007c0000000)
  eden space 126464K, 63% used [0x000000076b580000,0x00000007703c2410,0x0000000773100000)
  from space 10752K, 88% used [0x0000000773100000,0x0000000773a4f0f0,0x0000000773b80000)
  to   space 11264K, 0% used [0x0000000777880000,0x0000000777880000,0x0000000778380000)
 ParOldGen       total 88576K, used 6133K [0x00000006c2000000, 0x00000006c7680000, 0x000000076b580000)
  object space 88576K, 6% used [0x00000006c2000000,0x00000006c25fd4f8,0x00000006c7680000)
 Metaspace       used 33219K, capacity 35450K, committed 35496K, reserved 1079296K
  class space    used 4443K, capacity 4847K, committed 4864K, reserved 1048576K
Event: 3.320 GC heap after
Heap after GC invocations=7 (full 1):
 PSYoungGen      total 137728K, used 9472K [0x000000076b580000, 0x0000000778380000, 0x00000007c0000000)
  eden space 126464K, 0% used [0x000000076b580000,0x000000076b580000,0x0000000773100000)
  from space 11264K, 84% used [0x0000000777880000,0x00000007781c0150,0x0000000778380000)
  to   space 10752K, 0% used [0x0000000773100000,0x0000000773100000,0x0000000773b80000)
 ParOldGen       total 88576K, used 6141K [0x00000006c2000000, 0x00000006c7680000, 0x000000076b580000)
  object space 88576K, 6% used [0x00000006c2000000,0x00000006c25ff4f8,0x00000006c7680000)
 Metaspace       used 33219K, capacity 35450K, committed 35496K, reserved 1079296K
  class space    used 4443K, capacity 4847K, committed 4864K, reserved 1048576K
}
Event: 3.320 GC heap before
{Heap before GC invocations=8 (full 2):
 PSYoungGen      total 137728K, used 9472K [0x000000076b580000, 0x0000000778380000, 0x00000007c0000000)
  eden space 126464K, 0% used [0x000000076b580000,0x000000076b580000,0x0000000773100000)
  from space 11264K, 84% used [0x0000000777880000,0x00000007781c0150,0x0000000778380000)
  to   space 10752K, 0% used [0x0000000773100000,0x0000000773100000,0x0000000773b80000)
 ParOldGen       total 88576K, used 6141K [0x00000006c2000000, 0x00000006c7680000, 0x000000076b580000)
  object space 88576K, 6% used [0x00000006c2000000,0x00000006c25ff4f8,0x00000006c7680000)
 Metaspace       used 33219K, capacity 35450K, committed 35496K, reserved 1079296K
  class space    used 4443K, capacity 4847K, committed 4864K, reserved 1048576K
Event: 3.352 GC heap after
Heap after GC invocations=8 (full 2):
 PSYoungGen      total 137728K, used 0K [0x000000076b580000, 0x0000000778380000, 0x00000007c0000000)
  eden space 126464K, 0% used [0x000000076b580000,0x000000076b580000,0x0000000773100000)
  from space 11264K, 0% used [0x0000000777880000,0x0000000777880000,0x0000000778380000)
  to   space 10752K, 0% used [0x0000000773100000,0x0000000773100000,0x0000000773b80000)
 ParOldGen       total 88576K, used 14129K [0x00000006c2000000, 0x00000006c7680000, 0x000000076b580000)
  object space 88576K, 15% used [0x00000006c2000000,0x00000006c2dcc558,0x00000006c7680000)
 Metaspace       used 33219K, capacity 35450K, committed 35496K, reserved 1079296K
  class space    used 4443K, capacity 4847K, committed 4864K, reserved 1048576K
}

